#
# A fatal error has been detected by the Java Runtime Environment:
#
#  SIGSEGV (0xb) at pc=0xb6c81a08, pid=2352, tid=1770900288
#
# JRE version: 7.0_15-b20
# Java VM: OpenJDK Server VM (23.7-b01 mixed mode linux-x86 )
# Problematic frame:
# V  [libjvm.so+0x425a08]  java_lang_String::utf8_length(oopDesc*)+0x58
#
# Failed to write core dump. Core dumps have been disabled. To enable core dumping, try "ulimit -c unlimited" before starting Java again
#
# If you would like to submit a bug report, please include
# instructions on how to reproduce the bug and visit:
#   https://bugs.launchpad.net/ubuntu/+source/openjdk-7/
#

---------------  T H R E A D  ---------------

Current thread (0x69a9b400):  JavaThread "JDWP Transport Listener: dt_socket" daemon [_thread_in_vm, id=2368, stack(0x6988c000,0x698dd000)]

siginfo:si_signo=SIGSEGV: si_errno=0, si_code=1 (SEGV_MAPERR), si_addr=0x00000008

Registers:
EAX=0x9eac9460, EBX=0xb7187ff4, ECX=0x00000000, EDX=0x00000000
ESP=0x698dbc90, EBP=0x698dbce8, ESI=0x00000000, EDI=0x6931a1f8
EIP=0xb6c81a08, EFLAGS=0x00010246, CR2=0x00000008

Top of Stack: (sp=0x698dbc90)
0x698dbc90:   b66a9960 698dbdbc b6677b6b 69a9b400
0x698dbca0:   b6c819b9 b7187ff4 69a9b400 b6c907a1
0x698dbcb0:   9eac9460 69a9b400 b65906e8 b7187ff4
0x698dbcc0:   00000032 b6503e28 08f95a08 9eac9460
0x698dbcd0:   6931a1f8 698dbd8c 69a9b400 00000000
0x698dbce0:   6931a1f8 698dbd8c 69a9b400 69a9b400
0x698dbcf0:   00000190 00000008 b669415b b66a8ff4
0x698dbd00:   69a9b528 6931a1f8 698dbd48 b66733a0 

Instructions: (pc=0xb6c81a08)
0xb6c819e8:   10 8d 4c 4e 0c 31 c0 85 d2 0f 45 c1 89 54 24 04
0xb6c819f8:   89 04 24 e8 b0 30 31 00 83 c4 14 5b 5e c3 66 90
0xb6c81a08:   8b 56 08 eb dc 90 66 90 56 31 c9 53 e8 ee 45 c7
0xb6c81a18:   ff 81 c3 db 65 50 00 83 ec 14 8b 44 24 20 8b 93 

Register to memory mapping:

EAX=0x9eac9460 is an oop
java.lang.String 
 - klass: 'java/lang/String'
EBX=0xb7187ff4: <offset 0x92bff4> in /usr/lib/jvm/java-7-openjdk-i386/jre/lib/i386/server/libjvm.so at 0xb685c000
ECX=0x00000000 is an unknown value
EDX=0x00000000 is an unknown value
ESP=0x698dbc90 is pointing into the stack for thread: 0x69a9b400
EBP=0x698dbce8 is pointing into the stack for thread: 0x69a9b400
ESI=0x00000000 is an unknown value
EDI=0x6931a1f8 is a global jni handle


Stack: [0x6988c000,0x698dd000],  sp=0x698dbc90,  free space=319k
Native frames: (J=compiled Java code, j=interpreted, Vv=VM code, C=native code)
V  [libjvm.so+0x425a08]  java_lang_String::utf8_length(oopDesc*)+0x58


---------------  P R O C E S S  ---------------

Java Threads: ( => current thread )
  0x68b66800 JavaThread "Thread-1" [_thread_blocked, id=2404, stack(0x68caf000,0x68d00000)]
  0x68b68400 JavaThread "Crawler 1" [_thread_blocked, id=2403, stack(0x68e0e000,0x68e5f000)]
  0x6919dc00 JavaThread "Checkpointer" daemon [_thread_blocked, id=2380, stack(0x68e5f000,0x68eb0000)]
  0x6919a400 JavaThread "INCompressor" daemon [_thread_blocked, id=2379, stack(0x6921d000,0x6926e000)]
  0x693b0c00 JavaThread "Connection Manager" [_thread_blocked, id=2378, stack(0x69477000,0x694c8000)]
  0x69aa4000 JavaThread "Service Thread" daemon [_thread_blocked, id=2376, stack(0x69697000,0x696e8000)]
  0x69aa2000 JavaThread "C2 CompilerThread1" daemon [_thread_blocked, id=2375, stack(0x696e8000,0x69769000)]
  0x69a9f800 JavaThread "C2 CompilerThread0" daemon [_thread_blocked, id=2374, stack(0x69769000,0x697ea000)]
  0x08f96c00 JavaThread "JDWP Command Reader" daemon [_thread_in_native, id=2370, stack(0x697ea000,0x6983b000)]
  0x69a9dc00 JavaThread "JDWP Event Helper Thread" daemon [_thread_blocked, id=2369, stack(0x6983b000,0x6988c000)]
=>0x69a9b400 JavaThread "JDWP Transport Listener: dt_socket" daemon [_thread_in_vm, id=2368, stack(0x6988c000,0x698dd000)]
  0x69a92800 JavaThread "Signal Dispatcher" daemon [_thread_blocked, id=2366, stack(0x6cc2e000,0x6cc7f000)]
  0x69a50800 JavaThread "Finalizer" daemon [_thread_blocked, id=2365, stack(0x698dd000,0x6992e000)]
  0x69a4ec00 JavaThread "Reference Handler" daemon [_thread_blocked, id=2364, stack(0x6992e000,0x6997f000)]
  0xb6508c00 JavaThread "main" [_thread_blocked, id=2358, stack(0xb66dc000,0xb672d000)]

Other Threads:
  0x69a48800 VMThread [stack: 0x6997f000,0x69a00000] [id=2363]
  0x69aa6000 WatcherThread [stack: 0x69616000,0x69697000] [id=2377]

VM state:not at safepoint (normal execution)

VM Mutex/Monitor currently owned by a thread: None

Heap
 PSYoungGen      total 18496K, used 5996K [0x9e7a0000, 0xa0940000, 0xb3240000)
  eden space 15872K, 21% used [0x9e7a0000,0x9eaee8f8,0x9f720000)
  from space 2624K, 99% used [0x9f720000,0x9f9aca40,0x9f9b0000)
  to   space 2624K, 0% used [0xa06b0000,0xa06b0000,0xa0940000)
 ParOldGen       total 42368K, used 9278K [0x75240000, 0x77ba0000, 0x9e7a0000)
  object space 42368K, 21% used [0x75240000,0x75b4f868,0x77ba0000)
 PSPermGen       total 16384K, used 8882K [0x6d240000, 0x6e240000, 0x75240000)
  object space 16384K, 54% used [0x6d240000,0x6daec808,0x6e240000)

Card table byte_map: [0x6d00f000,0x6d240000] byte_map_base: 0x6cca5e00

Polling page: 0xb779f000

Code Cache  [0xb3300000, 0xb3540000, 0xb6300000)
 total_blobs=362 nmethods=196 adapters=126 free_code_cache=48238Kb largest_free_block=49372544

Compilation events (10 events):
Event: 33.443 Thread 0x69a9f800 nmethod 188 0xb33d7fc8 code [0xb33d80c0, 0xb33d8110]
Event: 33.473 Thread 0x69aa2000 nmethod 177 0xb33e6208 code [0xb33e64c0, 0xb33e7fb4]
Event: 46.037 Thread 0x69a9f800  189  s          java.io.BufferedInputStream::read (49 bytes)
Event: 46.044 Thread 0x69a9f800 nmethod 189 0xb33d8b08 code [0xb33d8c40, 0xb33d8f3c]
Event: 50.115 Thread 0x69aa2000  190             nu.xom.TextWriter::write (223 bytes)
Event: 50.120 Thread 0x69aa2000 nmethod 190 0xb33e3d48 code [0xb33e3ea0, 0xb33e4318]
Event: 50.120 Thread 0x69a9f800  191             nu.xom.TextWriter::writePCDATA (642 bytes)
Event: 50.126 Thread 0x69a9f800 nmethod 191 0xb3360e08 code [0xb3361200, 0xb33616fc]
Event: 50.127 Thread 0x69a9f800  192             nu.xom.TextWriter::writePCDATA (34 bytes)
Event: 50.130 Thread 0x69a9f800 nmethod 192 0xb33dca88 code [0xb33dcbc0, 0xb33dcd84]

GC Heap History (6 events):
Event: 1.034 GC heap before
{Heap before GC invocations=1 (full 0):
 PSYoungGen      total 18496K, used 15872K [0x9e7a0000, 0x9fc40000, 0xb3240000)
  eden space 15872K, 100% used [0x9e7a0000,0x9f720000,0x9f720000)
  from space 2624K, 0% used [0x9f9b0000,0x9f9b0000,0x9fc40000)
  to   space 2624K, 0% used [0x9f720000,0x9f720000,0x9f9b0000)
 ParOldGen       total 42368K, used 0K [0x75240000, 0x77ba0000, 0x9e7a0000)
  object space 42368K, 0% used [0x75240000,0x75240000,0x77ba0000)
 PSPermGen       total 16384K, used 4807K [0x6d240000, 0x6e240000, 0x75240000)
  object space 16384K, 29% used [0x6d240000,0x6d6f1c28,0x6e240000)
Event: 1.044 GC heap after
Heap after GC invocations=1 (full 0):
 PSYoungGen      total 18496K, used 2616K [0x9e7a0000, 0xa0bc0000, 0xb3240000)
  eden space 15872K, 0% used [0x9e7a0000,0x9e7a0000,0x9f720000)
  from space 2624K, 99% used [0x9f720000,0x9f9ae080,0x9f9b0000)
  to   space 2624K, 0% used [0xa0930000,0xa0930000,0xa0bc0000)
 ParOldGen       total 42368K, used 4296K [0x75240000, 0x77ba0000, 0x9e7a0000)
  object space 42368K, 10% used [0x75240000,0x756722d8,0x77ba0000)
 PSPermGen       total 16384K, used 4807K [0x6d240000, 0x6e240000, 0x75240000)
  object space 16384K, 29% used [0x6d240000,0x6d6f1c28,0x6e240000)
}
Event: 11.148 GC heap before
{Heap before GC invocations=2 (full 0):
 PSYoungGen      total 18496K, used 18488K [0x9e7a0000, 0xa0bc0000, 0xb3240000)
  eden space 15872K, 100% used [0x9e7a0000,0x9f720000,0x9f720000)
  from space 2624K, 99% used [0x9f720000,0x9f9ae080,0x9f9b0000)
  to   space 2624K, 0% used [0xa0930000,0xa0930000,0xa0bc0000)
 ParOldGen       total 42368K, used 4296K [0x75240000, 0x77ba0000, 0x9e7a0000)
  object space 42368K, 10% used [0x75240000,0x756722d8,0x77ba0000)
 PSPermGen       total 16384K, used 7649K [0x6d240000, 0x6e240000, 0x75240000)
  object space 16384K, 46% used [0x6d240000,0x6d9b85c0,0x6e240000)
Event: 11.159 GC heap after
Heap after GC invocations=2 (full 0):
 PSYoungGen      total 18496K, used 2616K [0x9e7a0000, 0xa0bc0000, 0xb3240000)
  eden space 15872K, 0% used [0x9e7a0000,0x9e7a0000,0x9f720000)
  from space 2624K, 99% used [0xa0930000,0xa0bbe0e0,0xa0bc0000)
  to   space 2624K, 0% used [0x9f720000,0x9f720000,0x9f9b0000)
 ParOldGen       total 42368K, used 7244K [0x75240000, 0x77ba0000, 0x9e7a0000)
  object space 42368K, 17% used [0x75240000,0x75953178,0x77ba0000)
 PSPermGen       total 16384K, used 7649K [0x6d240000, 0x6e240000, 0x75240000)
  object space 16384K, 46% used [0x6d240000,0x6d9b85c0,0x6e240000)
}
Event: 33.211 GC heap before
{Heap before GC invocations=3 (full 0):
 PSYoungGen      total 18496K, used 18488K [0x9e7a0000, 0xa0bc0000, 0xb3240000)
  eden space 15872K, 100% used [0x9e7a0000,0x9f720000,0x9f720000)
  from space 2624K, 99% used [0xa0930000,0xa0bbe0e0,0xa0bc0000)
  to   space 2624K, 0% used [0x9f720000,0x9f720000,0x9f9b0000)
 ParOldGen       total 42368K, used 7244K [0x75240000, 0x77ba0000, 0x9e7a0000)
  object space 42368K, 17% used [0x75240000,0x75953178,0x77ba0000)
 PSPermGen       total 16384K, used 8777K [0x6d240000, 0x6e240000, 0x75240000)
  object space 16384K, 53% used [0x6d240000,0x6dad2430,0x6e240000)
Event: 33.222 GC heap after
Heap after GC invocations=3 (full 0):
 PSYoungGen      total 18496K, used 2610K [0x9e7a0000, 0xa0940000, 0xb3240000)
  eden space 15872K, 0% used [0x9e7a0000,0x9e7a0000,0x9f720000)
  from space 2624K, 99% used [0x9f720000,0x9f9aca40,0x9f9b0000)
  to   space 2624K, 0% used [0xa06b0000,0xa06b0000,0xa0940000)
 ParOldGen       total 42368K, used 9278K [0x75240000, 0x77ba0000, 0x9e7a0000)
  object space 42368K, 21% used [0x75240000,0x75b4f868,0x77ba0000)
 PSPermGen       total 16384K, used 8777K [0x6d240000, 0x6e240000, 0x75240000)
  object space 16384K, 53% used [0x6d240000,0x6dad2430,0x6e240000)
}

Deoptimization events (10 events):
Event: 16.169 Thread 0xb6508c00 Uncommon trap -34 fr.pc 0xb33a5c24
Event: 16.169 Thread 0xb6508c00 Uncommon trap -34 fr.pc 0xb33a5c24
Event: 21.146 Thread 0xb6508c00 Uncommon trap -34 fr.pc 0xb33a5c24
Event: 21.147 Thread 0xb6508c00 Uncommon trap -34 fr.pc 0xb33a5c24
Event: 26.212 Thread 0xb6508c00 Uncommon trap -58 fr.pc 0xb33a9e40
Event: 26.216 Thread 0xb6508c00 Uncommon trap -58 fr.pc 0xb33a9e40
Event: 26.218 Thread 0xb6508c00 Uncommon trap -58 fr.pc 0xb33a9e40
Event: 26.257 Thread 0x68b68400 Uncommon trap -83 fr.pc 0xb33a9e98
Event: 32.763 Thread 0x68b68400 Uncommon trap -58 fr.pc 0xb33a7d04
Event: 33.027 Thread 0x68b68400 Uncommon trap 56 fr.pc 0xb335bda4

Internal exceptions (10 events):
Event: 32.996 Thread 0x68b68400 Threw 0x9f483948 at /build/buildd/openjdk-7-7u15-2.3.7/build/openjdk/hotspot/src/share/vm/prims/jvm.cpp:1166
Event: 32.999 Thread 0x68b68400 Threw 0x9f4907d8 at /build/buildd/openjdk-7-7u15-2.3.7/build/openjdk/hotspot/src/share/vm/prims/jvm.cpp:1166
Event: 33.000 Thread 0x68b68400 Threw 0x9f496528 at /build/buildd/openjdk-7-7u15-2.3.7/build/openjdk/hotspot/src/share/vm/prims/jvm.cpp:1166
Event: 33.001 Thread 0x68b68400 Threw 0x9f49c990 at /build/buildd/openjdk-7-7u15-2.3.7/build/openjdk/hotspot/src/share/vm/prims/jvm.cpp:1166
Event: 33.002 Thread 0x68b68400 Threw 0x9f4a1760 at /build/buildd/openjdk-7-7u15-2.3.7/build/openjdk/hotspot/src/share/vm/prims/jvm.cpp:1166
Event: 33.003 Thread 0x68b68400 Threw 0x9f4aa260 at /build/buildd/openjdk-7-7u15-2.3.7/build/openjdk/hotspot/src/share/vm/prims/jvm.cpp:1166
Event: 33.004 Thread 0x68b68400 Threw 0x9f4ae8b0 at /build/buildd/openjdk-7-7u15-2.3.7/build/openjdk/hotspot/src/share/vm/prims/jvm.cpp:1166
Event: 33.005 Thread 0x68b68400 Threw 0x9f4b3368 at /build/buildd/openjdk-7-7u15-2.3.7/build/openjdk/hotspot/src/share/vm/prims/jvm.cpp:1166
Event: 33.203 Thread 0x68b68400 Threw 0x9f6ced70 at /build/buildd/openjdk-7-7u15-2.3.7/build/openjdk/hotspot/src/share/vm/prims/jvm.cpp:1166
Event: 47.566 Thread 0x68b68400 Threw 0x9ea657e0 at /build/buildd/openjdk-7-7u15-2.3.7/build/openjdk/hotspot/src/share/vm/prims/jvm.cpp:1166

Events (10 events):
Event: 82.086 Executing VM operation: GetCurrentLocation
Event: 82.086 Executing VM operation: GetCurrentLocation done
Event: 82.087 Executing VM operation: ChangeSingleStep
Event: 82.087 Executing VM operation: ChangeSingleStep done
Event: 82.088 Executing VM operation: ChangeSingleStep
Event: 82.088 Executing VM operation: ChangeSingleStep done
Event: 82.099 Executing VM operation: GetOrSetLocal
Event: 82.099 Executing VM operation: GetOrSetLocal done
Event: 82.123 Executing VM operation: GetOrSetLocal
Event: 82.123 Executing VM operation: GetOrSetLocal done


Dynamic libraries:
08048000-08049000 r-xp 00000000 08:05 11670751   /usr/lib/jvm/java-7-openjdk-i386/jre/bin/java
08049000-0804a000 r--p 00000000 08:05 11670751   /usr/lib/jvm/java-7-openjdk-i386/jre/bin/java
0804a000-0804b000 rw-p 00001000 08:05 11670751   /usr/lib/jvm/java-7-openjdk-i386/jre/bin/java
08f94000-094d0000 rw-p 00000000 00:00 0          [heap]
68800000-688c4000 rw-p 00000000 00:00 0 
688c4000-68900000 ---p 00000000 00:00 0 
68a00000-68b00000 rw-p 00000000 00:00 0 
68b00000-68bff000 rw-p 00000000 00:00 0 
68bff000-68c00000 ---p 00000000 00:00 0 
68c5d000-68c5e000 rw-p 00000000 00:00 0 
68c5e000-68c61000 ---p 00000000 00:00 0 
68c61000-68caf000 rw-p 00000000 00:00 0 
68caf000-68cb2000 ---p 00000000 00:00 0 
68cb2000-68d00000 rw-p 00000000 00:00 0          [stack:2404]
68d00000-68ded000 rw-p 00000000 00:00 0 
68ded000-68e00000 ---p 00000000 00:00 0 
68e0e000-68e11000 ---p 00000000 00:00 0 
68e11000-68e5f000 rw-p 00000000 00:00 0          [stack:2403]
68e5f000-68e62000 ---p 00000000 00:00 0 
68e62000-68eb0000 rw-p 00000000 00:00 0          [stack:2380]
68eb0000-68fa7000 r-xp 00000000 08:05 787289     /lib/i386-linux-gnu/libglib-2.0.so.0.3200.3
68fa7000-68fa8000 r--p 000f6000 08:05 787289     /lib/i386-linux-gnu/libglib-2.0.so.0.3200.3
68fa8000-68fa9000 rw-p 000f7000 08:05 787289     /lib/i386-linux-gnu/libglib-2.0.so.0.3200.3
68fa9000-690fc000 r-xp 00000000 08:05 8262319    /usr/lib/i386-linux-gnu/libgio-2.0.so.0.3200.3
690fc000-690fe000 r--p 00153000 08:05 8262319    /usr/lib/i386-linux-gnu/libgio-2.0.so.0.3200.3
690fe000-690ff000 rw-p 00155000 08:05 8262319    /usr/lib/i386-linux-gnu/libgio-2.0.so.0.3200.3
690ff000-69100000 rw-p 00000000 00:00 0 
69100000-691ff000 rw-p 00000000 00:00 0 
691ff000-69200000 ---p 00000000 00:00 0 
6921d000-69220000 ---p 00000000 00:00 0 
69220000-6926e000 rw-p 00000000 00:00 0          [stack:2379]
6926e000-692a8000 r-xp 00000000 08:05 787337     /lib/i386-linux-gnu/libpcre.so.3.12.1
692a8000-692a9000 r--p 00039000 08:05 787337     /lib/i386-linux-gnu/libpcre.so.3.12.1
692a9000-692aa000 rw-p 0003a000 08:05 787337     /lib/i386-linux-gnu/libpcre.so.3.12.1
692aa000-692af000 r-xp 00000000 08:05 8262276    /usr/lib/i386-linux-gnu/libffi.so.6.0.0
692af000-692b0000 r--p 00004000 08:05 8262276    /usr/lib/i386-linux-gnu/libffi.so.6.0.0
692b0000-692b1000 rw-p 00005000 08:05 8262276    /usr/lib/i386-linux-gnu/libffi.so.6.0.0
692b1000-692fe000 r-xp 00000000 08:05 8262343    /usr/lib/i386-linux-gnu/libgobject-2.0.so.0.3200.3
692fe000-692ff000 r--p 0004c000 08:05 8262343    /usr/lib/i386-linux-gnu/libgobject-2.0.so.0.3200.3
692ff000-69300000 rw-p 0004d000 08:05 8262343    /usr/lib/i386-linux-gnu/libgobject-2.0.so.0.3200.3
69300000-69400000 rw-p 00000000 00:00 0 
69401000-69414000 r-xp 00000000 08:05 787348     /lib/i386-linux-gnu/libresolv-2.15.so
69414000-69415000 ---p 00013000 08:05 787348     /lib/i386-linux-gnu/libresolv-2.15.so
69415000-69416000 r--p 00013000 08:05 787348     /lib/i386-linux-gnu/libresolv-2.15.so
69416000-69417000 rw-p 00014000 08:05 787348     /lib/i386-linux-gnu/libresolv-2.15.so
69417000-69419000 rw-p 00000000 00:00 0 
69419000-69436000 r-xp 00000000 08:05 787352     /lib/i386-linux-gnu/libselinux.so.1
69436000-69437000 r--p 0001c000 08:05 787352     /lib/i386-linux-gnu/libselinux.so.1
69437000-69438000 rw-p 0001d000 08:05 787352     /lib/i386-linux-gnu/libselinux.so.1
6943c000-69441000 r-xp 00000000 08:05 787313     /lib/i386-linux-gnu/libnss_dns-2.15.so
69441000-69442000 r--p 00004000 08:05 787313     /lib/i386-linux-gnu/libnss_dns-2.15.so
69442000-69443000 rw-p 00005000 08:05 787313     /lib/i386-linux-gnu/libnss_dns-2.15.so
69443000-69447000 r--s 00085000 08:05 8395767    /usr/lib/jvm/java-7-openjdk-common/jre/lib/ext/localedata.jar
69447000-6944c000 r--s 0004c000 08:05 8269431    /usr/lib/jvm/java-7-openjdk-common/jre/lib/jsse.jar
6944c000-69462000 r-xp 00000000 08:05 11673019   /usr/lib/jvm/java-7-openjdk-i386/jre/lib/i386/libnet.so
69462000-69463000 r--p 00015000 08:05 11673019   /usr/lib/jvm/java-7-openjdk-i386/jre/lib/i386/libnet.so
69463000-69464000 rw-p 00016000 08:05 11673019   /usr/lib/jvm/java-7-openjdk-i386/jre/lib/i386/libnet.so
69464000-69475000 r-xp 00000000 08:05 11672989   /usr/lib/jvm/java-7-openjdk-i386/jre/lib/i386/libnio.so
69475000-69476000 r--p 00010000 08:05 11672989   /usr/lib/jvm/java-7-openjdk-i386/jre/lib/i386/libnio.so
69476000-69477000 rw-p 00011000 08:05 11672989   /usr/lib/jvm/java-7-openjdk-i386/jre/lib/i386/libnio.so
69477000-6947a000 ---p 00000000 00:00 0 
6947a000-694c8000 rw-p 00000000 00:00 0          [stack:2378]
694c8000-694d0000 r--s 00045000 08:05 16126229   /home/richard/workspace/XOM/xom-1.2.9.jar
694d0000-694d8000 r--s 00060000 08:05 16122007   /home/richard/workspace/lib/webcrawler dependencies/tika-parsers-1.0.jar
694d8000-694df000 r--s 00062000 08:05 16122006   /home/richard/workspace/lib/webcrawler dependencies/tika-core-1.0.jar
694df000-694e1000 r--s 00015000 08:05 16122005   /home/richard/workspace/lib/webcrawler dependencies/tagsoup-1.2.1.jar
694e1000-694e4000 r--s 00014000 08:05 16122004   /home/richard/workspace/lib/webcrawler dependencies/metadata-extractor-2.4.0-beta-1.jar
694e4000-69500000 r--s 001ed000 08:05 16122002   /home/richard/workspace/lib/webcrawler dependencies/je-4.0.92.jar
69500000-69600000 rw-p 00000000 00:00 0 
69602000-69605000 r-xp 00000000 08:05 8262329    /usr/lib/i386-linux-gnu/libgmodule-2.0.so.0.3200.3
69605000-69606000 r--p 00002000 08:05 8262329    /usr/lib/i386-linux-gnu/libgmodule-2.0.so.0.3200.3
69606000-69607000 rw-p 00003000 08:05 8262329    /usr/lib/i386-linux-gnu/libgmodule-2.0.so.0.3200.3
69607000-6960d000 r--s 00031000 08:05 16122001   /home/richard/workspace/lib/webcrawler dependencies/httpcore-4.2.2.jar
6960d000-69616000 r--s 000bc000 08:05 8269443    /usr/lib/jvm/java-7-openjdk-common/jre/lib/resources.jar
69616000-69617000 ---p 00000000 00:00 0 
69617000-69697000 rw-p 00000000 00:00 0          [stack:2377]
69697000-6969a000 ---p 00000000 00:00 0 
6969a000-696e8000 rw-p 00000000 00:00 0          [stack:2376]
696e8000-696eb000 ---p 00000000 00:00 0 
696eb000-69769000 rw-p 00000000 00:00 0          [stack:2375]
69769000-6976c000 ---p 00000000 00:00 0 
6976c000-697ea000 rw-p 00000000 00:00 0          [stack:2374]
697ea000-697ed000 ---p 00000000 00:00 0 
697ed000-6983b000 rw-p 00000000 00:00 0          [stack:2370]
6983b000-6983e000 ---p 00000000 00:00 0 
6983e000-6988c000 rw-p 00000000 00:00 0          [stack:2369]
6988c000-6988f000 ---p 00000000 00:00 0 
6988f000-698dd000 rw-p 00000000 00:00 0          [stack:2368]
698dd000-698e0000 ---p 00000000 00:00 0 
698e0000-6992e000 rw-p 00000000 00:00 0          [stack:2365]
6992e000-69931000 ---p 00000000 00:00 0 
69931000-6997f000 rw-p 00000000 00:00 0          [stack:2364]
6997f000-69980000 ---p 00000000 00:00 0 
69980000-69a00000 rw-p 00000000 00:00 0          [stack:2363]
69a00000-69aff000 rw-p 00000000 00:00 0 
69aff000-69b00000 ---p 00000000 00:00 0 
69b00000-69b02000 r-xp 00000000 08:05 786487     /lib/libnss_mdns4_minimal.so.2
69b02000-69b03000 r--p 00001000 08:05 786487     /lib/libnss_mdns4_minimal.so.2
69b03000-69b04000 rw-p 00002000 08:05 786487     /lib/libnss_mdns4_minimal.so.2
69b04000-69b0d000 r--s 00061000 08:05 16122000   /home/richard/workspace/lib/webcrawler dependencies/httpclient-4.2.3.jar
69b0d000-69b0f000 r--s 00006000 08:05 16121999   /home/richard/workspace/lib/webcrawler dependencies/geronimo-stax-api_1.0_spec-1.0.1.jar
69b0f000-69b11000 r--s 0000d000 08:05 16121998   /home/richard/workspace/lib/webcrawler dependencies/commons-logging-1.1.1.jar
69b11000-69b16000 r--s 00032000 08:05 16121997   /home/richard/workspace/lib/webcrawler dependencies/commons-compress-1.3.jar
69b16000-69b1c000 r--s 00033000 08:05 16121996   /home/richard/workspace/lib/webcrawler dependencies/commons-codec-1.6.jar
69b1c000-69b64000 rw-p 00000000 00:00 0 
69b64000-69d10000 r--s 01cdd000 08:05 11673023   /usr/lib/jvm/java-7-openjdk-i386/jre/lib/rt.jar
69d10000-6cb00000 rw-p 00000000 00:00 0 
6cb00000-6cb21000 rw-p 00000000 00:00 0 
6cb21000-6cc00000 ---p 00000000 00:00 0 
6cc00000-6cc03000 r--s 00014000 08:05 16121995   /home/richard/workspace/lib/webcrawler dependencies/boilerpipe-1.1.0.jar
6cc03000-6cc04000 r--s 0000a000 08:05 16121994   /home/richard/workspace/lib/webcrawler dependencies/asm-3.1.jar
6cc04000-6cc0b000 r--s 00043000 08:05 16121993   /home/richard/workspace/lib/webcrawler dependencies/apache-mime4j-dom-0.7.jar
6cc0b000-6cc0e000 r--s 00015000 08:05 16121992   /home/richard/workspace/lib/webcrawler dependencies/apache-mime4j-core-0.7.jar
6cc0e000-6cc15000 r--s 00053000 08:05 16122003   /home/richard/workspace/lib/webcrawler dependencies/log4j-1.2.14.jar
6cc15000-6cc1b000 r--s 00032000 08:05 16125041   /home/richard/workspace/lib/httpcomponents-core-4.2.3/lib/httpcore-4.2.3.jar
6cc1b000-6cc2e000 r--s 000d0000 08:05 11801098   /usr/lib/jvm/java-7-openjdk-i386/jre/lib/ext/xercesImpl.jar
6cc2e000-6cc31000 ---p 00000000 00:00 0 
6cc31000-6cc7f000 rw-p 00000000 00:00 0          [stack:2366]
6cc7f000-6cc80000 ---p 00000000 00:00 0 
6cc80000-6cd00000 rw-p 00000000 00:00 0          [stack:2362]
6cd00000-6cd5c000 rw-p 00000000 00:00 0 
6cd5c000-6ce00000 ---p 00000000 00:00 0 
6ce00000-6ce03000 r--s 0000f000 08:05 8395771    /usr/lib/jvm/java-7-openjdk-common/jre/lib/ext/pulse-java.jar
6ce03000-6ce04000 ---p 00000000 00:00 0 
6ce04000-6ce8c000 rw-p 00000000 00:00 0          [stack:2361]
6ce8c000-6cec4000 rw-p 00000000 00:00 0 
6cec4000-6ced9000 rw-p 00000000 00:00 0 
6ced9000-6d00f000 rw-p 00000000 00:00 0 
6d00f000-6d017000 rw-p 00000000 00:00 0 
6d017000-6d04f000 rw-p 00000000 00:00 0 
6d04f000-6d064000 rw-p 00000000 00:00 0 
6d064000-6d199000 rw-p 00000000 00:00 0 
6d199000-6d1ab000 rw-p 00000000 00:00 0 
6d1ab000-6d1ac000 ---p 00000000 00:00 0 
6d1ac000-6d23f000 rw-p 00000000 00:00 0 
6d23f000-6e240000 rw-p 00000000 00:00 0 
6e240000-75240000 rw-p 00000000 00:00 0 
75240000-77ba0000 rw-p 00000000 00:00 0 
77ba0000-9e7a0000 rw-p 00000000 00:00 0 
9e7a0000-a0940000 rw-p 00000000 00:00 0 
a0940000-a0bc0000 ---p 00000000 00:00 0 
a0bc0000-b3240000 rw-p 00000000 00:00 0 
b3240000-b3249000 rw-p 00000000 00:00 0 
b3249000-b3300000 rw-p 00000000 00:00 0 
b3300000-b3540000 rwxp 00000000 00:00 0 
b3540000-b6300000 rw-p 00000000 00:00 0 
b6300000-b6500000 r--p 00000000 08:05 8264710    /usr/lib/locale/locale-archive
b6500000-b65f3000 rw-p 00000000 00:00 0 
b65f3000-b6600000 ---p 00000000 00:00 0 
b6601000-b6609000 r--s 00045000 08:05 11801097   /usr/lib/jvm/java-7-openjdk-i386/jre/lib/ext/xom-1.2.9.jar
b6609000-b660f000 r--s 00088000 08:05 11801099   /usr/lib/jvm/java-7-openjdk-i386/jre/lib/ext/postgresql-9.2-1002.jdbc4.jar
b660f000-b6613000 r-xp 00000000 08:05 11673016   /usr/lib/jvm/java-7-openjdk-i386/jre/lib/i386/libdt_socket.so
b6613000-b6614000 r--p 00003000 08:05 11673016   /usr/lib/jvm/java-7-openjdk-i386/jre/lib/i386/libdt_socket.so
b6614000-b6615000 rw-p 00004000 08:05 11673016   /usr/lib/jvm/java-7-openjdk-i386/jre/lib/i386/libdt_socket.so
b6615000-b6620000 r-xp 00000000 08:05 787315     /lib/i386-linux-gnu/libnss_files-2.15.so
b6620000-b6621000 r--p 0000a000 08:05 787315     /lib/i386-linux-gnu/libnss_files-2.15.so
b6621000-b6622000 rw-p 0000b000 08:05 787315     /lib/i386-linux-gnu/libnss_files-2.15.so
b6622000-b662c000 r-xp 00000000 08:05 787319     /lib/i386-linux-gnu/libnss_nis-2.15.so
b662c000-b662d000 r--p 00009000 08:05 787319     /lib/i386-linux-gnu/libnss_nis-2.15.so
b662d000-b662e000 rw-p 0000a000 08:05 787319     /lib/i386-linux-gnu/libnss_nis-2.15.so
b662e000-b6644000 r-xp 00000000 08:05 787309     /lib/i386-linux-gnu/libnsl-2.15.so
b6644000-b6645000 r--p 00015000 08:05 787309     /lib/i386-linux-gnu/libnsl-2.15.so
b6645000-b6646000 rw-p 00016000 08:05 787309     /lib/i386-linux-gnu/libnsl-2.15.so
b6646000-b6648000 rw-p 00000000 00:00 0 
b6648000-b664f000 r-xp 00000000 08:05 787311     /lib/i386-linux-gnu/libnss_compat-2.15.so
b664f000-b6650000 r--p 00006000 08:05 787311     /lib/i386-linux-gnu/libnss_compat-2.15.so
b6650000-b6651000 rw-p 00007000 08:05 787311     /lib/i386-linux-gnu/libnss_compat-2.15.so
b6653000-b665b000 r-xp 00000000 08:05 11672990   /usr/lib/jvm/java-7-openjdk-i386/jre/lib/i386/libzip.so
b665b000-b665c000 r--p 00007000 08:05 11672990   /usr/lib/jvm/java-7-openjdk-i386/jre/lib/i386/libzip.so
b665c000-b665d000 rw-p 00008000 08:05 11672990   /usr/lib/jvm/java-7-openjdk-i386/jre/lib/i386/libzip.so
b665d000-b6665000 rw-s 00000000 08:05 2097192    /tmp/hsperfdata_richard/2352
b6665000-b6668000 r-xp 00000000 08:05 11671279   /usr/lib/jvm/java-7-openjdk-i386/jre/lib/i386/libnpt.so
b6668000-b6669000 r--p 00002000 08:05 11671279   /usr/lib/jvm/java-7-openjdk-i386/jre/lib/i386/libnpt.so
b6669000-b666a000 rw-p 00003000 08:05 11671279   /usr/lib/jvm/java-7-openjdk-i386/jre/lib/i386/libnpt.so
b666a000-b66a8000 r-xp 00000000 08:05 11673017   /usr/lib/jvm/java-7-openjdk-i386/jre/lib/i386/libjdwp.so
b66a8000-b66a9000 r--p 0003d000 08:05 11673017   /usr/lib/jvm/java-7-openjdk-i386/jre/lib/i386/libjdwp.so
b66a9000-b66aa000 rw-p 0003e000 08:05 11673017   /usr/lib/jvm/java-7-openjdk-i386/jre/lib/i386/libjdwp.so
b66aa000-b66d1000 r-xp 00000000 08:05 11671281   /usr/lib/jvm/java-7-openjdk-i386/jre/lib/i386/libjava.so
b66d1000-b66d2000 r--p 00026000 08:05 11671281   /usr/lib/jvm/java-7-openjdk-i386/jre/lib/i386/libjava.so
b66d2000-b66d3000 rw-p 00027000 08:05 11671281   /usr/lib/jvm/java-7-openjdk-i386/jre/lib/i386/libjava.so
b66d3000-b66da000 r-xp 00000000 08:05 787350     /lib/i386-linux-gnu/librt-2.15.so
b66da000-b66db000 r--p 00006000 08:05 787350     /lib/i386-linux-gnu/librt-2.15.so
b66db000-b66dc000 rw-p 00007000 08:05 787350     /lib/i386-linux-gnu/librt-2.15.so
b66dc000-b66df000 ---p 00000000 00:00 0 
b66df000-b672d000 rw-p 00000000 00:00 0          [stack:2358]
b672d000-b6749000 r-xp 00000000 08:05 787285     /lib/i386-linux-gnu/libgcc_s.so.1
b6749000-b674a000 r--p 0001b000 08:05 787285     /lib/i386-linux-gnu/libgcc_s.so.1
b674a000-b674b000 rw-p 0001c000 08:05 787285     /lib/i386-linux-gnu/libgcc_s.so.1
b674b000-b6775000 r-xp 00000000 08:05 787296     /lib/i386-linux-gnu/libm-2.15.so
b6775000-b6776000 r--p 00029000 08:05 787296     /lib/i386-linux-gnu/libm-2.15.so
b6776000-b6777000 rw-p 0002a000 08:05 787296     /lib/i386-linux-gnu/libm-2.15.so
b6777000-b684f000 r-xp 00000000 08:05 8262626    /usr/lib/i386-linux-gnu/libstdc++.so.6.0.16
b684f000-b6850000 ---p 000d8000 08:05 8262626    /usr/lib/i386-linux-gnu/libstdc++.so.6.0.16
b6850000-b6854000 r--p 000d8000 08:05 8262626    /usr/lib/i386-linux-gnu/libstdc++.so.6.0.16
b6854000-b6855000 rw-p 000dc000 08:05 8262626    /usr/lib/i386-linux-gnu/libstdc++.so.6.0.16
b6855000-b685c000 rw-p 00000000 00:00 0 
b685c000-b7141000 r-xp 00000000 08:05 11673004   /usr/lib/jvm/java-7-openjdk-i386/jre/lib/i386/server/libjvm.so
b7141000-b7188000 r--p 008e5000 08:05 11673004   /usr/lib/jvm/java-7-openjdk-i386/jre/lib/i386/server/libjvm.so
b7188000-b719c000 rw-p 0092c000 08:05 11673004   /usr/lib/jvm/java-7-openjdk-i386/jre/lib/i386/server/libjvm.so
b719c000-b75ba000 rw-p 00000000 00:00 0 
b75ba000-b75ce000 r-xp 00000000 08:05 787375     /lib/i386-linux-gnu/libz.so.1.2.3.4
b75ce000-b75cf000 r--p 00013000 08:05 787375     /lib/i386-linux-gnu/libz.so.1.2.3.4
b75cf000-b75d0000 rw-p 00014000 08:05 787375     /lib/i386-linux-gnu/libz.so.1.2.3.4
b75d0000-b75e7000 r-xp 00000000 08:05 787344     /lib/i386-linux-gnu/libpthread-2.15.so
b75e7000-b75e8000 r--p 00016000 08:05 787344     /lib/i386-linux-gnu/libpthread-2.15.so
b75e8000-b75e9000 rw-p 00017000 08:05 787344     /lib/i386-linux-gnu/libpthread-2.15.so
b75e9000-b75eb000 rw-p 00000000 00:00 0 
b75eb000-b75ee000 r-xp 00000000 08:05 787277     /lib/i386-linux-gnu/libdl-2.15.so
b75ee000-b75ef000 r--p 00002000 08:05 787277     /lib/i386-linux-gnu/libdl-2.15.so
b75ef000-b75f0000 rw-p 00003000 08:05 787277     /lib/i386-linux-gnu/libdl-2.15.so
b75f0000-b7793000 r-xp 00000000 08:05 787264     /lib/i386-linux-gnu/libc-2.15.so
b7793000-b7794000 ---p 001a3000 08:05 787264     /lib/i386-linux-gnu/libc-2.15.so
b7794000-b7796000 r--p 001a3000 08:05 787264     /lib/i386-linux-gnu/libc-2.15.so
b7796000-b7797000 rw-p 001a5000 08:05 787264     /lib/i386-linux-gnu/libc-2.15.so
b7797000-b779a000 rw-p 00000000 00:00 0 
b779a000-b779c000 r--s 00017000 08:05 16122009   /home/richard/workspace/lib/crawler4j-3.5/crawler4j-3.5.jar
b779c000-b779d000 r--s 00007000 08:05 8521869    /usr/share/java/java-atk-wrapper.jar
b779d000-b779e000 r--p 005e0000 08:05 8264710    /usr/lib/locale/locale-archive
b779e000-b779f000 rw-p 00000000 00:00 0 
b779f000-b77a0000 r--p 00000000 00:00 0 
b77a0000-b77ac000 r-xp 00000000 08:05 11673010   /usr/lib/jvm/java-7-openjdk-i386/jre/lib/i386/libverify.so
b77ac000-b77ad000 r--p 0000b000 08:05 11673010   /usr/lib/jvm/java-7-openjdk-i386/jre/lib/i386/libverify.so
b77ad000-b77ae000 rw-p 0000c000 08:05 11673010   /usr/lib/jvm/java-7-openjdk-i386/jre/lib/i386/libverify.so
b77ae000-b77bb000 r-xp 00000000 08:05 11672994   /usr/lib/jvm/java-7-openjdk-i386/jre/lib/i386/jli/libjli.so
b77bb000-b77bc000 r--p 0000c000 08:05 11672994   /usr/lib/jvm/java-7-openjdk-i386/jre/lib/i386/jli/libjli.so
b77bc000-b77bd000 rw-p 0000d000 08:05 11672994   /usr/lib/jvm/java-7-openjdk-i386/jre/lib/i386/jli/libjli.so
b77bd000-b77c0000 rw-p 00000000 00:00 0 
b77c0000-b77c1000 r-xp 00000000 00:00 0          [vdso]
b77c1000-b77e1000 r-xp 00000000 08:05 787244     /lib/i386-linux-gnu/ld-2.15.so
b77e1000-b77e2000 r--p 0001f000 08:05 787244     /lib/i386-linux-gnu/ld-2.15.so
b77e2000-b77e3000 rw-p 00020000 08:05 787244     /lib/i386-linux-gnu/ld-2.15.so
bfd0f000-bfd30000 rw-p 00000000 00:00 0          [stack]

VM Arguments:
jvm_args: -agentlib:jdwp=transport=dt_socket,suspend=y,address=localhost:58661 -Dfile.encoding=UTF-8 
java_command: RssController
Launcher Type: SUN_STANDARD

Environment Variables:
PATH=/usr/lib/lightdm/lightdm:/usr/local/sbin:/usr/local/bin:/usr/sbin:/usr/bin:/sbin:/bin:/usr/games
LD_LIBRARY_PATH=/usr/lib/jvm/java-7-openjdk-i386/jre/lib/i386/server:/usr/lib/jvm/java-7-openjdk-i386/jre/lib/i386:/usr/lib/jvm/java-7-openjdk-i386/jre/../lib/i386:/usr/lib/jvm/java-6-openjdk-i386/jre/lib/i386/client:/usr/lib/jvm/java-6-openjdk-i386/jre/lib/i386:
SHELL=/bin/bash
DISPLAY=:0

Signal Handlers:
SIGSEGV: [libjvm.so+0x7539a0], sa_mask[0]=0x7ffbfeff, sa_flags=0x10000004
SIGBUS: [libjvm.so+0x7539a0], sa_mask[0]=0x7ffbfeff, sa_flags=0x10000004
SIGFPE: [libjvm.so+0x5e9510], sa_mask[0]=0x7ffbfeff, sa_flags=0x10000004
SIGPIPE: [libjvm.so+0x5e9510], sa_mask[0]=0x7ffbfeff, sa_flags=0x10000004
SIGXFSZ: [libjvm.so+0x5e9510], sa_mask[0]=0x7ffbfeff, sa_flags=0x10000004
SIGILL: [libjvm.so+0x5e9510], sa_mask[0]=0x7ffbfeff, sa_flags=0x10000004
SIGUSR1: SIG_DFL, sa_mask[0]=0x00000000, sa_flags=0x00000000
SIGUSR2: [libjvm.so+0x5e93a0], sa_mask[0]=0x00000004, sa_flags=0x10000004
SIGHUP: [libjvm.so+0x5e99d0], sa_mask[0]=0x7ffbfeff, sa_flags=0x10000004
SIGINT: [libjvm.so+0x5e99d0], sa_mask[0]=0x7ffbfeff, sa_flags=0x10000004
SIGTERM: [libjvm.so+0x5e99d0], sa_mask[0]=0x7ffbfeff, sa_flags=0x10000004
SIGQUIT: [libjvm.so+0x5e99d0], sa_mask[0]=0x7ffbfeff, sa_flags=0x10000004


---------------  S Y S T E M  ---------------

OS:Ubuntu 12.04 (precise)
uname:Linux 3.5.0-27-generic #46~precise1-Ubuntu SMP Tue Mar 26 19:33:56 UTC 2013 i686
libc:glibc 2.15 NPTL 2.15 
rlimit: STACK 8192k, CORE 0k, NPROC 31618, NOFILE 4096, AS infinity
load average:0.04 0.28 0.28

/proc/meminfo:
MemTotal:        4063056 kB
MemFree:         2747600 kB
Buffers:           55864 kB
Cached:           707976 kB
SwapCached:            0 kB
Active:           586296 kB
Inactive:         665440 kB
Active(anon):     490552 kB
Inactive(anon):   165384 kB
Active(file):      95744 kB
Inactive(file):   500056 kB
Unevictable:           0 kB
Mlocked:               0 kB
HighTotal:       3212292 kB
HighFree:        2001680 kB
LowTotal:         850764 kB
LowFree:          745920 kB
SwapTotal:       4123644 kB
SwapFree:        4123644 kB
Dirty:               224 kB
Writeback:             0 kB
AnonPages:        488176 kB
Mapped:           176232 kB
Shmem:            167812 kB
Slab:              34472 kB
SReclaimable:      18824 kB
SUnreclaim:        15648 kB
KernelStack:        3728 kB
PageTables:         9088 kB
NFS_Unstable:          0 kB
Bounce:                0 kB
WritebackTmp:          0 kB
CommitLimit:     6155172 kB
Committed_AS:    2985708 kB
VmallocTotal:     122880 kB
VmallocUsed:       16956 kB
VmallocChunk:     104568 kB
HardwareCorrupted:     0 kB
AnonHugePages:         0 kB
HugePages_Total:       0
HugePages_Free:        0
HugePages_Rsvd:        0
HugePages_Surp:        0
Hugepagesize:       2048 kB
DirectMap4k:       10232 kB
DirectMap2M:      903168 kB


CPU:total 2 (2 cores per cpu, 1 threads per core) family 6 model 23 stepping 10, cmov, cx8, fxsr, mmx, sse, sse2, sse3, ssse3, tsc

/proc/cpuinfo:
processor	: 0
vendor_id	: GenuineIntel
cpu family	: 6
model		: 23
model name	: Celeron(R) Dual-Core CPU       T3500  @ 2.10GHz
stepping	: 10
microcode	: 0xa07
cpu MHz		: 2094.692
cache size	: 1024 KB
physical id	: 0
siblings	: 2
core id		: 0
cpu cores	: 2
apicid		: 0
initial apicid	: 0
fdiv_bug	: no
hlt_bug		: no
f00f_bug	: no
coma_bug	: no
fpu		: yes
fpu_exception	: yes
cpuid level	: 13
wp		: yes
flags		: fpu vme de pse tsc msr pae mce cx8 apic sep mtrr pge mca cmov pat pse36 clflush dts acpi mmx fxsr sse sse2 ss ht tm pbe nx lm constant_tsc arch_perfmon pebs bts aperfmperf pni dtes64 monitor ds_cpl tm2 ssse3 cx16 xtpr pdcm xsave lahf_lm dtherm
bogomips	: 4189.38
clflush size	: 64
cache_alignment	: 64
address sizes	: 36 bits physical, 48 bits virtual
power management:

processor	: 1
vendor_id	: GenuineIntel
cpu family	: 6
model		: 23
model name	: Celeron(R) Dual-Core CPU       T3500  @ 2.10GHz
stepping	: 10
microcode	: 0xa07
cpu MHz		: 2094.692
cache size	: 1024 KB
physical id	: 0
siblings	: 2
core id		: 1
cpu cores	: 2
apicid		: 1
initial apicid	: 1
fdiv_bug	: no
hlt_bug		: no
f00f_bug	: no
coma_bug	: no
fpu		: yes
fpu_exception	: yes
cpuid level	: 13
wp		: yes
flags		: fpu vme de pse tsc msr pae mce cx8 apic sep mtrr pge mca cmov pat pse36 clflush dts acpi mmx fxsr sse sse2 ss ht tm pbe nx lm constant_tsc arch_perfmon pebs bts aperfmperf pni dtes64 monitor ds_cpl tm2 ssse3 cx16 xtpr pdcm xsave lahf_lm dtherm
bogomips	: 4189.38
clflush size	: 64
cache_alignment	: 64
address sizes	: 36 bits physical, 48 bits virtual
power management:



Memory: 4k page, physical 4063056k(2747600k free), swap 4123644k(4123644k free)

vm_info: OpenJDK Server VM (23.7-b01) for linux-x86 JRE (1.7.0_15-b20), built on Mar  6 2013 20:42:50 by "buildd" with gcc 4.6.3

time: Sun Apr 28 13:36:39 2013
elapsed time: 82 seconds

